2025-04-08 17:54:00.225096 - Received CBT.V508.FILE024.PDS from FILE024.XMI 
2025-04-08 17:54:00.240122 - Found $$$#DATE.txt (text/plain) in CBT.V508.FILE024.PDS, moved to PDS/$$$#DATE
2025-04-08 17:54:00.240865 - Found $$DOC.txt (text/plain) in CBT.V508.FILE024.PDS, moved to PDS/$$DOC
2025-04-08 17:54:00.241504 - Found @FILE024.txt (text/plain) in CBT.V508.FILE024.PDS, moved to PDS/@FILE024
2025-04-08 17:54:00.242176 - Found APUT.txt (text/plain) in CBT.V508.FILE024.PDS, moved to PDS/APUT
2025-04-08 17:54:00.242825 - Found BXFER.x-Algol68 (text/x-Algol68) in CBT.V508.FILE024.PDS, moved to PDS/BXFER
2025-04-08 17:54:00.243702 - Found CALL#.txt (text/plain) in CBT.V508.FILE024.PDS, moved to PDS/CALL#
2025-04-08 17:54:00.244320 - Found CPPL.txt (text/plain) in CBT.V508.FILE024.PDS, moved to PDS/CPPL
2025-04-08 17:54:00.244982 - Found CSPL.txt (text/plain) in CBT.V508.FILE024.PDS, moved to PDS/CSPL
2025-04-08 17:54:00.245628 - Found DATA#.txt (text/plain) in CBT.V508.FILE024.PDS, moved to PDS/DATA#
2025-04-08 17:54:00.246300 - Found DO.txt (text/plain) in CBT.V508.FILE024.PDS, moved to PDS/DO
2025-04-08 17:54:00.246925 - Found DOWHILE.txt (text/plain) in CBT.V508.FILE024.PDS, moved to PDS/DOWHILE
2025-04-08 17:54:00.247569 - Found DOWHLOR.txt (text/plain) in CBT.V508.FILE024.PDS, moved to PDS/DOWHLOR
2025-04-08 17:54:00.248191 - Found ELSE.txt (text/plain) in CBT.V508.FILE024.PDS, moved to PDS/ELSE
2025-04-08 17:54:00.248793 - Found END#.txt (text/plain) in CBT.V508.FILE024.PDS, moved to PDS/END#
2025-04-08 17:54:00.249452 - Found ENDDATA#.txt (text/plain) in CBT.V508.FILE024.PDS, moved to PDS/ENDDATA#
2025-04-08 17:54:00.250074 - Found ENDDO.txt (text/plain) in CBT.V508.FILE024.PDS, moved to PDS/ENDDO
2025-04-08 17:54:00.250672 - Found ENDIF.txt (text/plain) in CBT.V508.FILE024.PDS, moved to PDS/ENDIF
2025-04-08 17:54:00.251327 - Found ENTRE#.txt (text/plain) in CBT.V508.FILE024.PDS, moved to PDS/ENTRE#
2025-04-08 17:54:00.251896 - Found EOJ.txt (text/plain) in CBT.V508.FILE024.PDS, moved to PDS/EOJ
2025-04-08 17:54:00.252466 - Found EPUTL.txt (text/plain) in CBT.V508.FILE024.PDS, moved to PDS/EPUTL
2025-04-08 17:54:00.253066 - Found EXFER.x-Algol68 (text/x-Algol68) in CBT.V508.FILE024.PDS, moved to PDS/EXFER
2025-04-08 17:54:00.253668 - Found EXIT#.txt (text/plain) in CBT.V508.FILE024.PDS, moved to PDS/EXIT#
2025-04-08 17:54:00.254283 - Found GENC.txt (text/plain) in CBT.V508.FILE024.PDS, moved to PDS/GENC
2025-04-08 17:54:00.254912 - Found IEXIT#.txt (text/plain) in CBT.V508.FILE024.PDS, moved to PDS/IEXIT#
2025-04-08 17:54:00.255511 - Found IF.txt (text/plain) in CBT.V508.FILE024.PDS, moved to PDS/IF
2025-04-08 17:54:00.256097 - Found IFOR.txt (text/plain) in CBT.V508.FILE024.PDS, moved to PDS/IFOR
2025-04-08 17:54:00.256712 - Found INIT#.txt (text/plain) in CBT.V508.FILE024.PDS, moved to PDS/INIT#
2025-04-08 17:54:00.257361 - Found INUSE.txt (text/plain) in CBT.V508.FILE024.PDS, moved to PDS/INUSE
2025-04-08 17:54:00.257968 - Found IOPL.txt (text/plain) in CBT.V508.FILE024.PDS, moved to PDS/IOPL
2025-04-08 17:54:00.258543 - Found JULDATE.txt (text/plain) in CBT.V508.FILE024.PDS, moved to PDS/JULDATE
2025-04-08 17:54:00.259135 - Found LDROP.txt (text/plain) in CBT.V508.FILE024.PDS, moved to PDS/LDROP
2025-04-08 17:54:00.259703 - Found LUSE.txt (text/plain) in CBT.V508.FILE024.PDS, moved to PDS/LUSE
2025-04-08 17:54:00.260265 - Found MAKEDAY.txt (text/plain) in CBT.V508.FILE024.PDS, moved to PDS/MAKEDAY
2025-04-08 17:54:00.260843 - Found REGS.txt (text/plain) in CBT.V508.FILE024.PDS, moved to PDS/REGS
2025-04-08 17:54:00.261468 - Found SEQCK.txt (text/plain) in CBT.V508.FILE024.PDS, moved to PDS/SEQCK
2025-04-08 17:54:00.262127 - Found SETREG.txt (text/plain) in CBT.V508.FILE024.PDS, moved to PDS/SETREG
2025-04-08 17:54:00.262715 - Found SMFID.txt (text/plain) in CBT.V508.FILE024.PDS, moved to PDS/SMFID
2025-04-08 17:54:00.263362 - Found SS#XFER.x-Algol68 (text/x-Algol68) in CBT.V508.FILE024.PDS, moved to PDS/SS#XFER
2025-04-08 17:54:00.263936 - Found SS#XFR00.txt (text/plain) in CBT.V508.FILE024.PDS, moved to PDS/SS#XFR00
2025-04-08 17:54:00.264518 - Found SSXFR00.txt (text/plain) in CBT.V508.FILE024.PDS, moved to PDS/SSXFR00
2025-04-08 17:54:00.265119 - Found TSOENTER.txt (text/plain) in CBT.V508.FILE024.PDS, moved to PDS/TSOENTER
2025-04-08 17:54:00.265676 - Found TSOLEAVE.txt (text/plain) in CBT.V508.FILE024.PDS, moved to PDS/TSOLEAVE
2025-04-08 17:54:00.266303 - Found UNTIL.txt (text/plain) in CBT.V508.FILE024.PDS, moved to PDS/UNTIL
2025-04-08 17:54:00.266885 - Found UNTILOR.txt (text/plain) in CBT.V508.FILE024.PDS, moved to PDS/UNTILOR
2025-04-08 17:54:00.267478 - Found XABSM.txt (text/plain) in CBT.V508.FILE024.PDS, moved to PDS/XABSM
2025-04-08 17:54:00.268096 - Found XFERCPU.txt (text/plain) in CBT.V508.FILE024.PDS, moved to PDS/XFERCPU
2025-04-08 17:54:00.268702 - Found XFERDOC.txt (text/plain) in CBT.V508.FILE024.PDS, moved to PDS/XFERDOC
2025-04-08 17:54:00.269332 - Found XFERINST.txt (text/plain) in CBT.V508.FILE024.PDS, moved to PDS/XFERINST
2025-04-08 17:54:00.269914 - Found XFERJOB.jcl (text/plain) in CBT.V508.FILE024.PDS, moved to PDS/XFERJOB
2025-04-08 17:54:00.270520 - Found XFERUTIL.txt (text/plain) in CBT.V508.FILE024.PDS, moved to PDS/XFERUTIL
2025-04-08 17:54:00.271081 - Found XFERVOL.txt (text/plain) in CBT.V508.FILE024.PDS, moved to PDS/XFERVOL
2025-04-08 17:54:00.271755 - Found XFERWTO.txt (text/plain) in CBT.V508.FILE024.PDS, moved to PDS/XFERWTO
2025-04-08 17:54:00.272331 - Found XFER1.x-Algol68 (text/x-Algol68) in CBT.V508.FILE024.PDS, moved to PDS/XFER1
2025-04-08 17:54:00.272902 - Found XFER2.txt (text/plain) in CBT.V508.FILE024.PDS, moved to PDS/XFER2
2025-04-08 17:54:00.273499 - Found XFR1DUMP.txt (text/plain) in CBT.V508.FILE024.PDS, moved to PDS/XFR1DUMP
2025-04-08 17:54:00.274342 - Found XFR2DUMP.txt (text/plain) in CBT.V508.FILE024.PDS, moved to PDS/XFR2DUMP
2025-04-08 17:54:00.274926 - Found XIX.x-Algol68 (text/x-Algol68) in CBT.V508.FILE024.PDS, moved to PDS/XIX
2025-04-08 17:54:00.275535 - Found XIXHELP.txt (text/plain) in CBT.V508.FILE024.PDS, moved to PDS/XIXHELP
